[
  {
    "level": "INFO",
    "message": "android.ndkVersion from module build.gradle is 20.0.5594570"
  },
  {
    "level": "INFO",
    "message": "ndk.dir in local.properties is not set"
  },
  {
    "level": "INFO",
    "message": "ANDROID_NDK_HOME environment variable is not set"
  },
  {
    "level": "INFO",
    "message": "sdkFolder is /Users/luismartinez/Library/Android/sdk"
  },
  {
    "level": "INFO",
    "message": "Considering /Users/luismartinez/Library/Android/sdk/ndk-bundle in SDK ndk-bundle folder"
  },
  {
    "level": "INFO",
    "message": "Considering /Users/luismartinez/Library/Android/sdk/ndk/27.0.11718014 in SDK ndk folder"
  },
  {
    "level": "INFO",
    "message": "Considering /Users/luismartinez/Library/Android/sdk/ndk/20.0.5594570 in SDK ndk folder"
  },
  {
    "level": "INFO",
    "message": "Considering /Users/luismartinez/Library/Android/sdk/ndk/25.1.8937393 in SDK ndk folder"
  },
  {
    "level": "INFO",
    "message": "Found requested NDK version 20.0.5594570 at /Users/luismartinez/Library/Android/sdk/ndk/20.0.5594570"
  }
]