[
  {
    "level": "INFO",
    "message": "android.ndkVersion from module build.gradle is not set"
  },
  {
    "level": "INFO",
    "message": "ndk.dir in local.properties is /Users/USERNAME/Library/Android/sdk/ndk/23.1.7779620 "
  },
  {
    "level": "INFO",
    "message": "ANDROID_NDK_HOME environment variable is not set"
  },
  {
    "level": "INFO",
    "message": "sdkFolder is /Users/luismartinez/Library/Android/sdk"
  },
  {
    "level": "INFO",
    "message": "Considering /Users/USERNAME/Library/Android/sdk/ndk/23.1.7779620  by ndk.dir"
  },
  {
    "level": "INFO",
    "message": "Considering /Users/luismartinez/Library/Android/sdk/ndk-bundle in SDK ndk-bundle folder"
  },
  {
    "level": "INFO",
    "message": "Considering /Users/luismartinez/Library/Android/sdk/ndk/27.0.11718014 in SDK ndk folder"
  },
  {
    "level": "INFO",
    "message": "Considering /Users/luismartinez/Library/Android/sdk/ndk/20.0.5594570 in SDK ndk folder"
  },
  {
    "level": "INFO",
    "message": "Considering /Users/luismartinez/Library/Android/sdk/ndk/25.1.8937393 in SDK ndk folder"
  },
  {
    "level": "INFO",
    "message": "Rejected /Users/USERNAME/Library/Android/sdk/ndk/23.1.7779620  by ndk.dir because that location has no source.properties"
  },
  {
    "level": "ERROR",
    "message": "Location specified by ndk.dir (/Users/USERNAME/Library/Android/sdk/ndk/23.1.7779620 ) did not contain a valid NDK and and couldn\u0027t be used"
  },
  {
    "level": "INFO",
    "message": "Using /Users/luismartinez/Library/Android/sdk/ndk/27.0.11718014 which is version 27.0.11718014 as fallback but build will fail"
  }
]